<?xml version="1.0" encoding="UTF-8"?>
<!-- Generated by org.testng.reporters.JUnitXMLReporter -->
<testsuite hostname="ramsunkara" ignored="0" name="Admin Login Test" tests="1" failures="1" timestamp="22 Feb 2019 10:40:20 GMT" time="0.054" errors="0">
  <testcase name="checkAdminLogin" time="0.016" classname="com.primusbank.tests.AdminLoginTest">
    <failure type="java.lang.NullPointerException">
      <![CDATA[java.lang.NullPointerException
at applicationLaunch.PrimusbankHomepage.adminLogin(PrimusbankHomepage.java:34)
at com.primusbank.tests.AdminLoginTest.checkAdminLogin(AdminLoginTest.java:21)
... Removed 25 stack frames]]>
    </failure>
  </testcase> <!-- checkAdminLogin -->
</testsuite> <!-- Admin Login Test -->
