<?xml version="1.0" encoding="UTF-8"?>
<testng-results skipped="0" failed="0" ignored="0" total="1" passed="1">
  <reporter-output>
  </reporter-output>
  <suite name="Default suite" duration-ms="38011" started-at="2019-07-27T17:25:38Z" finished-at="2019-07-27T17:26:16Z">
    <groups>
    </groups>
    <test name="Default test" duration-ms="38011" started-at="2019-07-27T17:25:38Z" finished-at="2019-07-27T17:26:16Z">
      <class name="xpath.WindowsHandle">
        <test-method status="PASS" signature="TestPopUp()[pri:0, instance:xpath.WindowsHandle@51565ec2]" name="TestPopUp" duration-ms="37947" started-at="2019-07-27T17:25:38Z" finished-at="2019-07-27T17:26:16Z">
          <reporter-output>
          </reporter-output>
        </test-method> <!-- TestPopUp -->
      </class> <!-- xpath.WindowsHandle -->
    </test> <!-- Default test -->
  </suite> <!-- Default suite -->
</testng-results>
